<?xml version="1.0" encoding="UTF-8"?>
<!-- Generated by org.testng.reporters.JUnitReportReporter -->
<testsuite skipped="0" hostname="DESKTOP-69EDOJD" name="com.testrunner.TestRunner" tests="1" failures="0" timestamp="2020-07-15T15:07:16 IST" time="28.305" errors="0">
  <testcase name="runScenario" time="28.305" classname="com.testrunner.TestRunner"/>
  <system-out/>
</testsuite> <!-- com.testrunner.TestRunner -->
